0 info it worked if it ends with ok
1 verbose cli [ '/usr/bin/node',
1 verbose cli   '/usr/bin/npm',
1 verbose cli   'install',
1 verbose cli   '-g',
1 verbose cli   'less-plugin-clean-css' ]
2 info using npm@1.4.28
3 info using node@v0.10.37
4 verbose node symlink /usr/bin/node
5 verbose cache add [ 'less-plugin-clean-css', null ]
6 verbose cache add name=undefined spec="less-plugin-clean-css" args=["less-plugin-clean-css",null]
7 verbose parsed url { protocol: null,
7 verbose parsed url   slashes: null,
7 verbose parsed url   auth: null,
7 verbose parsed url   host: null,
7 verbose parsed url   port: null,
7 verbose parsed url   hostname: null,
7 verbose parsed url   hash: null,
7 verbose parsed url   search: null,
7 verbose parsed url   query: null,
7 verbose parsed url   pathname: 'less-plugin-clean-css',
7 verbose parsed url   path: 'less-plugin-clean-css',
7 verbose parsed url   href: 'less-plugin-clean-css' }
8 silly lockFile 2032c3f4-less-plugin-clean-css less-plugin-clean-css
9 verbose lock less-plugin-clean-css /home/felix/.npm/2032c3f4-less-plugin-clean-css.lock
10 silly lockFile 2032c3f4-less-plugin-clean-css less-plugin-clean-css
11 silly lockFile 2032c3f4-less-plugin-clean-css less-plugin-clean-css
12 verbose addNamed [ 'less-plugin-clean-css', '' ]
13 verbose addNamed [ null, '*' ]
14 silly lockFile 975c1f74-less-plugin-clean-css less-plugin-clean-css@
15 verbose lock less-plugin-clean-css@ /home/felix/.npm/975c1f74-less-plugin-clean-css.lock
16 silly addNameRange { name: 'less-plugin-clean-css', range: '*', hasData: false }
17 verbose request where is /less-plugin-clean-css
18 verbose request registry https://registry.npmjs.org/
19 verbose request id b8468cd689c2253b
20 verbose url raw /less-plugin-clean-css
21 verbose url resolving [ 'https://registry.npmjs.org/', './less-plugin-clean-css' ]
22 verbose url resolved https://registry.npmjs.org/less-plugin-clean-css
23 verbose request where is https://registry.npmjs.org/less-plugin-clean-css
24 info trying registry request attempt 1 at 09:48:49
25 http GET https://registry.npmjs.org/less-plugin-clean-css
26 http 200 https://registry.npmjs.org/less-plugin-clean-css
27 silly registry.get cb [ 200,
27 silly registry.get   { server: 'CouchDB/1.5.0 (Erlang OTP/R16B03)',
27 silly registry.get     etag: '"69BBRVD91MEK4FAJBW2MVLD31"',
27 silly registry.get     'content-type': 'application/json',
27 silly registry.get     'cache-control': 'max-age=300',
27 silly registry.get     'content-length': '12956',
27 silly registry.get     'accept-ranges': 'bytes',
27 silly registry.get     date: 'Wed, 10 Feb 2016 15:48:50 GMT',
27 silly registry.get     via: '1.1 varnish',
27 silly registry.get     age: '133',
27 silly registry.get     connection: 'keep-alive',
27 silly registry.get     'x-served-by': 'cache-jfk1025-JFK',
27 silly registry.get     'x-cache': 'HIT',
27 silly registry.get     'x-cache-hits': '1',
27 silly registry.get     'x-timer': 'S1455119330.627536,VS0,VE0',
27 silly registry.get     vary: 'Accept' } ]
28 silly addNameRange number 2 { name: 'less-plugin-clean-css', range: '*', hasData: true }
29 silly addNameRange versions [ 'less-plugin-clean-css',
29 silly addNameRange   [ '0.0.2',
29 silly addNameRange     '0.0.3',
29 silly addNameRange     '1.0.0',
29 silly addNameRange     '1.1.0',
29 silly addNameRange     '1.2.0',
29 silly addNameRange     '1.3.0',
29 silly addNameRange     '1.3.1',
29 silly addNameRange     '1.4.0',
29 silly addNameRange     '1.5.0',
29 silly addNameRange     '1.5.1' ] ]
30 verbose addNamed [ 'less-plugin-clean-css', '1.5.1' ]
31 verbose addNamed [ '1.5.1', '1.5.1' ]
32 silly lockFile 72c809a0-less-plugin-clean-css-1-5-1 less-plugin-clean-css@1.5.1
33 verbose lock less-plugin-clean-css@1.5.1 /home/felix/.npm/72c809a0-less-plugin-clean-css-1-5-1.lock
34 silly lockFile 63d19356--less-plugin-clean-css-1-5-1-tgz https://registry.npmjs.org/less-plugin-clean-css/-/less-plugin-clean-css-1.5.1.tgz
35 verbose lock https://registry.npmjs.org/less-plugin-clean-css/-/less-plugin-clean-css-1.5.1.tgz /home/felix/.npm/63d19356--less-plugin-clean-css-1-5-1-tgz.lock
36 verbose addRemoteTarball [ 'https://registry.npmjs.org/less-plugin-clean-css/-/less-plugin-clean-css-1.5.1.tgz',
36 verbose addRemoteTarball   'cc57af7aa3398957e56decebe63cb60c23429703' ]
37 info retry fetch attempt 1 at 09:48:50
38 verbose fetch to= /tmp/npm-5742-o7K0ARzX/registry.npmjs.org/less-plugin-clean-css/-/less-plugin-clean-css-1.5.1.tgz
39 http GET https://registry.npmjs.org/less-plugin-clean-css/-/less-plugin-clean-css-1.5.1.tgz
40 http 200 https://registry.npmjs.org/less-plugin-clean-css/-/less-plugin-clean-css-1.5.1.tgz
41 silly lockFile 63d19356--less-plugin-clean-css-1-5-1-tgz https://registry.npmjs.org/less-plugin-clean-css/-/less-plugin-clean-css-1.5.1.tgz
42 silly lockFile 63d19356--less-plugin-clean-css-1-5-1-tgz https://registry.npmjs.org/less-plugin-clean-css/-/less-plugin-clean-css-1.5.1.tgz
43 silly lockFile 72c809a0-less-plugin-clean-css-1-5-1 less-plugin-clean-css@1.5.1
44 silly lockFile 72c809a0-less-plugin-clean-css-1-5-1 less-plugin-clean-css@1.5.1
45 silly lockFile 975c1f74-less-plugin-clean-css less-plugin-clean-css@
46 silly lockFile 975c1f74-less-plugin-clean-css less-plugin-clean-css@
47 silly resolved [ { name: 'less-plugin-clean-css',
47 silly resolved     version: '1.5.1',
47 silly resolved     description: 'clean-css plugin for less.js',
47 silly resolved     homepage: 'http://lesscss.org',
47 silly resolved     author: { name: 'Luke Page' },
47 silly resolved     contributors: [ [Object] ],
47 silly resolved     bugs: { url: 'https://github.com/less/less-plugin-clean-css/issues' },
47 silly resolved     repository:
47 silly resolved      { type: 'git',
47 silly resolved        url: 'git+https://github.com/less/less-plugin-clean-css.git' },
47 silly resolved     licenses: [ [Object] ],
47 silly resolved     main: 'lib/index.js',
47 silly resolved     engines: { node: '>=0.4.2' },
47 silly resolved     dependencies: { 'clean-css': '^3.0.1' },
47 silly resolved     devDependencies: {},
47 silly resolved     keywords: [ 'less plugins', 'cleancss', 'less compression' ],
47 silly resolved     gitHead: '42b4871c3e4d22fc061319f346cc21155a2bbf90',
47 silly resolved     _id: 'less-plugin-clean-css@1.5.1',
47 silly resolved     scripts: {},
47 silly resolved     _shasum: 'cc57af7aa3398957e56decebe63cb60c23429703',
47 silly resolved     _from: 'less-plugin-clean-css@',
47 silly resolved     _npmVersion: '3.1.3',
47 silly resolved     _nodeVersion: '0.12.2',
47 silly resolved     _npmUser: { name: 'agatronic', email: 'luke.a.page@gmail.com' },
47 silly resolved     dist:
47 silly resolved      { shasum: 'cc57af7aa3398957e56decebe63cb60c23429703',
47 silly resolved        tarball: 'http://registry.npmjs.org/less-plugin-clean-css/-/less-plugin-clean-css-1.5.1.tgz' },
47 silly resolved     maintainers: [ [Object] ],
47 silly resolved     directories: {},
47 silly resolved     _resolved: 'https://registry.npmjs.org/less-plugin-clean-css/-/less-plugin-clean-css-1.5.1.tgz' } ]
48 info install less-plugin-clean-css@1.5.1 into /usr/lib
49 info installOne less-plugin-clean-css@1.5.1
50 verbose lib/node_modules/less-plugin-clean-css unbuild
51 verbose tar unpack /home/felix/.npm/less-plugin-clean-css/1.5.1/package.tgz
52 silly lockFile 3e1d93d1-de-modules-less-plugin-clean-css tar:///usr/lib/node_modules/less-plugin-clean-css
53 verbose lock tar:///usr/lib/node_modules/less-plugin-clean-css /home/felix/.npm/3e1d93d1-de-modules-less-plugin-clean-css.lock
54 silly lockFile e0105fbf-ugin-clean-css-1-5-1-package-tgz tar:///home/felix/.npm/less-plugin-clean-css/1.5.1/package.tgz
55 verbose lock tar:///home/felix/.npm/less-plugin-clean-css/1.5.1/package.tgz /home/felix/.npm/e0105fbf-ugin-clean-css-1-5-1-package-tgz.lock
56 silly gunzTarPerm modes [ '775', '664' ]
57 error Error: EACCES, mkdir '/usr/lib/node_modules/less-plugin-clean-css'
57 error  { [Error: EACCES, mkdir '/usr/lib/node_modules/less-plugin-clean-css']
57 error   errno: 3,
57 error   code: 'EACCES',
57 error   path: '/usr/lib/node_modules/less-plugin-clean-css',
57 error   fstream_type: 'Directory',
57 error   fstream_path: '/usr/lib/node_modules/less-plugin-clean-css',
57 error   fstream_class: 'DirWriter',
57 error   fstream_stack:
57 error    [ '/usr/lib/node_modules/npm/node_modules/fstream/lib/dir-writer.js:36:23',
57 error      '/usr/lib/node_modules/npm/node_modules/mkdirp/index.js:46:53',
57 error      'Object.oncomplete (fs.js:108:15)' ] }
58 error Please try running this command again as root/Administrator.
59 error System Linux 3.16.0-60-generic
60 error command "/usr/bin/node" "/usr/bin/npm" "install" "-g" "less-plugin-clean-css"
61 error cwd /opt/lampp/htdocs/GitHub/Practicas
62 error node -v v0.10.37
63 error npm -v 1.4.28
64 error path /usr/lib/node_modules/less-plugin-clean-css
65 error fstream_path /usr/lib/node_modules/less-plugin-clean-css
66 error fstream_type Directory
67 error fstream_class DirWriter
68 error code EACCES
69 error errno 3
70 error stack Error: EACCES, mkdir '/usr/lib/node_modules/less-plugin-clean-css'
71 error fstream_stack /usr/lib/node_modules/npm/node_modules/fstream/lib/dir-writer.js:36:23
71 error fstream_stack /usr/lib/node_modules/npm/node_modules/mkdirp/index.js:46:53
71 error fstream_stack Object.oncomplete (fs.js:108:15)
72 verbose exit [ 3, true ]
